c:\work\git\profiler\profiler\profiler\x64\debug\profiler.pch
c:\work\git\profiler\profiler\profiler\x64\debug\vc120.pdb
c:\work\git\profiler\profiler\profiler\x64\debug\vc120.idb
c:\work\git\profiler\profiler\profiler\x64\debug\stdafx.obj
c:\work\git\profiler\profiler\profiler\x64\debug\bufferedatomiccounter.obj
c:\work\git\profiler\profiler\profiler\x64\debug\functions.obj
c:\work\git\profiler\profiler\profiler\x64\debug\mutex.obj
c:\work\git\profiler\profiler\profiler\x64\debug\profiler.obj
c:\work\git\profiler\profiler\profiler\x64\debug\ringpartition.obj
c:\work\git\profiler\profiler\profiler\x64\debug\string.obj
c:\work\git\profiler\profiler\profiler\x64\debug\stringbuf.obj
c:\work\git\profiler\profiler\profiler\x64\debug\dllmain.obj
c:\work\git\profiler\profiler\x64\debug\profiler.ilk
c:\work\git\profiler\profiler\x64\debug\profiler.dll
c:\work\git\profiler\profiler\x64\debug\profiler.lib
c:\work\git\profiler\profiler\x64\debug\profiler.exp
c:\work\git\profiler\profiler\profiler\x64\debug\profiler.tlog\cl.command.1.tlog
c:\work\git\profiler\profiler\profiler\x64\debug\profiler.tlog\cl.read.1.tlog
c:\work\git\profiler\profiler\profiler\x64\debug\profiler.tlog\cl.write.1.tlog
c:\work\git\profiler\profiler\profiler\x64\debug\profiler.tlog\link.command.1.tlog
c:\work\git\profiler\profiler\profiler\x64\debug\profiler.tlog\link.read.1.tlog
c:\work\git\profiler\profiler\profiler\x64\debug\profiler.tlog\link.write.1.tlog
c:\work\git\profiler\profiler\profiler\x64\debug\profiler.tlog\profiler.write.1u.tlog
